<?xml version="1.0" encoding="UTF-8"?>
<testng-results skipped="0" failed="0" total="9" passed="9">
  <reporter-output>
  </reporter-output>
  <suite name="Suite" duration-ms="67" started-at="2020-10-03T05:09:05Z" finished-at="2020-10-03T05:09:05Z">
    <groups>
    </groups>
    <test name="Test" duration-ms="67" started-at="2020-10-03T05:09:05Z" finished-at="2020-10-03T05:09:05Z">
      <class name="jenkinDemo.testngOne2">
        <test-method status="PASS" signature="verifyRegistration()[pri:0, instance:jenkinDemo.testngOne2@4c40b76e]" name="verifyRegistration" duration-ms="0" started-at="2020-10-03T10:39:05Z" finished-at="2020-10-03T10:39:05Z">
          <reporter-output>
          </reporter-output>
        </test-method> <!-- verifyRegistration -->
        <test-method status="PASS" signature="verifyBillpayment()[pri:0, instance:jenkinDemo.testngOne2@4c40b76e]" name="verifyBillpayment" duration-ms="0" started-at="2020-10-03T10:39:05Z" finished-at="2020-10-03T10:39:05Z">
          <reporter-output>
          </reporter-output>
        </test-method> <!-- verifyBillpayment -->
        <test-method status="PASS" signature="verifyLogin()[pri:0, instance:jenkinDemo.testngOne2@4c40b76e]" name="verifyLogin" duration-ms="1" started-at="2020-10-03T10:39:05Z" finished-at="2020-10-03T10:39:05Z">
          <reporter-output>
          </reporter-output>
        </test-method> <!-- verifyLogin -->
      </class> <!-- jenkinDemo.testngOne2 -->
      <class name="jenkinDemo.testngOne3">
        <test-method status="PASS" signature="verifyRegistration()[pri:0, instance:jenkinDemo.testngOne3@5ea434c8]" name="verifyRegistration" duration-ms="20" started-at="2020-10-03T10:39:05Z" finished-at="2020-10-03T10:39:05Z">
          <reporter-output>
          </reporter-output>
        </test-method> <!-- verifyRegistration -->
        <test-method status="PASS" signature="verifyBillpayment()[pri:0, instance:jenkinDemo.testngOne3@5ea434c8]" name="verifyBillpayment" duration-ms="0" started-at="2020-10-03T10:39:05Z" finished-at="2020-10-03T10:39:05Z">
          <reporter-output>
          </reporter-output>
        </test-method> <!-- verifyBillpayment -->
        <test-method status="PASS" signature="verifyLogin()[pri:0, instance:jenkinDemo.testngOne3@5ea434c8]" name="verifyLogin" duration-ms="0" started-at="2020-10-03T10:39:05Z" finished-at="2020-10-03T10:39:05Z">
          <reporter-output>
          </reporter-output>
        </test-method> <!-- verifyLogin -->
      </class> <!-- jenkinDemo.testngOne3 -->
      <class name="jenkinDemo.testngPriority">
        <test-method status="PASS" signature="verifyRegistration()[pri:0, instance:jenkinDemo.testngPriority@4ae3c1cd]" name="verifyRegistration" duration-ms="1" started-at="2020-10-03T10:39:05Z" finished-at="2020-10-03T10:39:05Z">
          <reporter-output>
          </reporter-output>
        </test-method> <!-- verifyRegistration -->
        <test-method status="PASS" signature="verifyBillpayment()[pri:0, instance:jenkinDemo.testngPriority@4ae3c1cd]" name="verifyBillpayment" duration-ms="0" started-at="2020-10-03T10:39:05Z" finished-at="2020-10-03T10:39:05Z">
          <reporter-output>
          </reporter-output>
        </test-method> <!-- verifyBillpayment -->
        <test-method status="PASS" signature="verifyLogin()[pri:0, instance:jenkinDemo.testngPriority@4ae3c1cd]" name="verifyLogin" duration-ms="1" started-at="2020-10-03T10:39:05Z" finished-at="2020-10-03T10:39:05Z">
          <reporter-output>
          </reporter-output>
        </test-method> <!-- verifyLogin -->
      </class> <!-- jenkinDemo.testngPriority -->
    </test> <!-- Test -->
  </suite> <!-- Suite -->
</testng-results>
