<?xml version="1.0" encoding="UTF-8"?>
<!-- Generated by org.testng.reporters.JUnitXMLReporter -->
<testsuite hostname="LAPTOP-UK7PKGHG" name="Test" tests="9" failures="0" timestamp="3 Oct 2020 05:09:05 GMT" time="0.067" errors="0">
  <testcase name="verifyRegistration" time="0.02" classname="jenkinDemo.testngOne3"/>
  <testcase name="verifyRegistration" time="0.001" classname="jenkinDemo.testngPriority"/>
  <testcase name="verifyRegistration" time="0.0" classname="jenkinDemo.testngOne2"/>
  <testcase name="verifyBillpayment" time="0.0" classname="jenkinDemo.testngPriority"/>
  <testcase name="verifyBillpayment" time="0.0" classname="jenkinDemo.testngOne3"/>
  <testcase name="verifyBillpayment" time="0.0" classname="jenkinDemo.testngOne2"/>
  <testcase name="verifyLogin" time="0.0" classname="jenkinDemo.testngOne3"/>
  <testcase name="verifyLogin" time="0.001" classname="jenkinDemo.testngOne2"/>
  <testcase name="verifyLogin" time="0.001" classname="jenkinDemo.testngPriority"/>
</testsuite> <!-- Test -->
